0 info it worked if it ends with ok
1 verbose cli [ '/Users/karolmaj/.nvm/versions/node/v5.3.0/bin/node',
1 verbose cli   '/Users/karolmaj/.nvm/versions/node/v5.3.0/bin/npm',
1 verbose cli   'run-script',
1 verbose cli   'test' ]
2 info using npm@3.3.12
3 info using node@v5.3.0
4 verbose run-script [ 'pretest', 'test', 'posttest' ]
5 info lifecycle books_inventory@1.0.0~pretest: books_inventory@1.0.0
6 verbose lifecycle books_inventory@1.0.0~pretest: unsafe-perm in lifecycle true
7 verbose lifecycle books_inventory@1.0.0~pretest: PATH: /Users/karolmaj/.nvm/versions/node/v5.3.0/lib/node_modules/npm/bin/node-gyp-bin:/Users/karolmaj/Projects/Schibsted/microservices_training/node_modules/.bin:/usr/local/heroku/bin:/Users/karolmaj/.nvm/versions/node/v5.3.0/bin:/usr/local/bin:/usr/bin:/bin:/usr/sbin:/sbin:/Users/karolmaj/.local/bin:/Users/karolmaj/.composer/vendor/bin:/Users/karolmaj/.local/bin
8 verbose lifecycle books_inventory@1.0.0~pretest: CWD: /Users/karolmaj/Projects/Schibsted/microservices_training
9 silly lifecycle books_inventory@1.0.0~pretest: Args: [ '-c', 'npm run lint' ]
10 silly lifecycle books_inventory@1.0.0~pretest: Returned: code: 0  signal: null
11 info lifecycle books_inventory@1.0.0~test: books_inventory@1.0.0
12 verbose lifecycle books_inventory@1.0.0~test: unsafe-perm in lifecycle true
13 verbose lifecycle books_inventory@1.0.0~test: PATH: /Users/karolmaj/.nvm/versions/node/v5.3.0/lib/node_modules/npm/bin/node-gyp-bin:/Users/karolmaj/Projects/Schibsted/microservices_training/node_modules/.bin:/usr/local/heroku/bin:/Users/karolmaj/.nvm/versions/node/v5.3.0/bin:/usr/local/bin:/usr/bin:/bin:/usr/sbin:/sbin:/Users/karolmaj/.local/bin:/Users/karolmaj/.composer/vendor/bin:/Users/karolmaj/.local/bin
14 verbose lifecycle books_inventory@1.0.0~test: CWD: /Users/karolmaj/Projects/Schibsted/microservices_training
15 silly lifecycle books_inventory@1.0.0~test: Args: [ '-c', 'mocha ./test' ]
16 silly lifecycle books_inventory@1.0.0~test: Returned: code: 2  signal: null
17 info lifecycle books_inventory@1.0.0~test: Failed to exec test script
18 verbose stack Error: books_inventory@1.0.0 test: `mocha ./test`
18 verbose stack Exit status 2
18 verbose stack     at EventEmitter.<anonymous> (/Users/karolmaj/.nvm/versions/node/v5.3.0/lib/node_modules/npm/lib/utils/lifecycle.js:232:16)
18 verbose stack     at emitTwo (events.js:87:13)
18 verbose stack     at EventEmitter.emit (events.js:172:7)
18 verbose stack     at ChildProcess.<anonymous> (/Users/karolmaj/.nvm/versions/node/v5.3.0/lib/node_modules/npm/lib/utils/spawn.js:24:14)
18 verbose stack     at emitTwo (events.js:87:13)
18 verbose stack     at ChildProcess.emit (events.js:172:7)
18 verbose stack     at maybeClose (internal/child_process.js:818:16)
18 verbose stack     at Process.ChildProcess._handle.onexit (internal/child_process.js:211:5)
19 verbose pkgid books_inventory@1.0.0
20 verbose cwd /Users/karolmaj/Projects/Schibsted/microservices_training
21 error Darwin 15.2.0
22 error argv "/Users/karolmaj/.nvm/versions/node/v5.3.0/bin/node" "/Users/karolmaj/.nvm/versions/node/v5.3.0/bin/npm" "run-script" "test"
23 error node v5.3.0
24 error npm  v3.3.12
25 error code ELIFECYCLE
26 error books_inventory@1.0.0 test: `mocha ./test`
26 error Exit status 2
27 error Failed at the books_inventory@1.0.0 test script 'mocha ./test'.
27 error Make sure you have the latest version of node.js and npm installed.
27 error If you do, this is most likely a problem with the books_inventory package,
27 error not with npm itself.
27 error Tell the author that this fails on your system:
27 error     mocha ./test
27 error You can get their info via:
27 error     npm owner ls books_inventory
27 error There is likely additional logging output above.
28 verbose exit [ 1, true ]
